{"total": {"lines":{"total":4035,"covered":413,"skipped":0,"pct":10.23},"statements":{"total":4035,"covered":413,"skipped":0,"pct":10.23},"functions":{"total":49,"covered":6,"skipped":0,"pct":12.24},"branches":{"total":44,"covered":18,"skipped":0,"pct":40.9},"branchesTrue":{"total":0,"covered":0,"skipped":0,"pct":"Unknown"}}
,"C:\\Users\\HP WORLD\\Desktop\\COSC4P02_Festify\\app.js": {"lines":{"total":660,"covered":226,"skipped":0,"pct":34.24},"functions":{"total":14,"covered":6,"skipped":0,"pct":42.85},"statements":{"total":660,"covered":226,"skipped":0,"pct":34.24},"branches":{"total":40,"covered":17,"skipped":0,"pct":42.5}}
,"C:\\Users\\HP WORLD\\Desktop\\COSC4P02_Festify\\basic-script.js": {"lines":{"total":1280,"covered":0,"skipped":0,"pct":0},"functions":{"total":1,"covered":0,"skipped":0,"pct":0},"statements":{"total":1280,"covered":0,"skipped":0,"pct":0},"branches":{"total":1,"covered":0,"skipped":0,"pct":0}}
,"C:\\Users\\HP WORLD\\Desktop\\COSC4P02_Festify\\config.js": {"lines":{"total":16,"covered":16,"skipped":0,"pct":100},"functions":{"total":0,"covered":0,"skipped":0,"pct":100},"statements":{"total":16,"covered":16,"skipped":0,"pct":100},"branches":{"total":0,"covered":0,"skipped":0,"pct":100}}
,"C:\\Users\\HP WORLD\\Desktop\\COSC4P02_Festify\\dalle-api.js": {"lines":{"total":48,"covered":0,"skipped":0,"pct":0},"functions":{"total":1,"covered":0,"skipped":0,"pct":0},"statements":{"total":48,"covered":0,"skipped":0,"pct":0},"branches":{"total":1,"covered":0,"skipped":0,"pct":0}}
,"C:\\Users\\HP WORLD\\Desktop\\COSC4P02_Festify\\email.js": {"lines":{"total":172,"covered":33,"skipped":0,"pct":19.18},"functions":{"total":4,"covered":0,"skipped":0,"pct":0},"statements":{"total":172,"covered":33,"skipped":0,"pct":19.18},"branches":{"total":0,"covered":0,"skipped":0,"pct":100}}
,"C:\\Users\\HP WORLD\\Desktop\\COSC4P02_Festify\\firebase.js": {"lines":{"total":636,"covered":129,"skipped":0,"pct":20.28},"functions":{"total":28,"covered":0,"skipped":0,"pct":0},"statements":{"total":636,"covered":129,"skipped":0,"pct":20.28},"branches":{"total":0,"covered":0,"skipped":0,"pct":100}}
,"C:\\Users\\HP WORLD\\Desktop\\COSC4P02_Festify\\organizer.js": {"lines":{"total":9,"covered":9,"skipped":0,"pct":100},"functions":{"total":0,"covered":0,"skipped":0,"pct":100},"statements":{"total":9,"covered":9,"skipped":0,"pct":100},"branches":{"total":1,"covered":1,"skipped":0,"pct":100}}
,"C:\\Users\\HP WORLD\\Desktop\\COSC4P02_Festify\\script.js": {"lines":{"total":1214,"covered":0,"skipped":0,"pct":0},"functions":{"total":1,"covered":0,"skipped":0,"pct":0},"statements":{"total":1214,"covered":0,"skipped":0,"pct":0},"branches":{"total":1,"covered":0,"skipped":0,"pct":0}}
}
