<?xml version="1.0" encoding="UTF-8"?>
<coverage generated="1740169368598" clover="3.2.0">
  <project timestamp="1740169368598" name="All files">
    <metrics statements="67" coveredstatements="58" conditionals="12" coveredconditionals="10" methods="27" coveredmethods="23" elements="106" coveredelements="91" complexity="0" loc="67" ncloc="67" packages="1" files="3" classes="3"/>
    <file name="app.js" path="C:\Users\HP WORLD\COSC4P02_Festify\Festify\app.js">
      <metrics statements="13" coveredstatements="12" conditionals="4" coveredconditionals="3" methods="8" coveredmethods="7"/>
      <line num="3" count="2" type="stmt"/>
      <line num="4" count="1" type="stmt"/>
      <line num="6" count="1" type="stmt"/>
      <line num="8" count="1" type="stmt"/>
      <line num="12" count="1" type="stmt"/>
      <line num="15" count="1" type="stmt"/>
      <line num="94" count="10" type="stmt"/>
      <line num="132" count="1" type="stmt"/>
      <line num="133" count="9" type="stmt"/>
      <line num="137" count="1" type="stmt"/>
      <line num="138" count="0" type="stmt"/>
      <line num="142" count="1" type="cond" truecount="3" falsecount="1"/>
      <line num="143" count="1" type="stmt"/>
    </file>
    <file name="firebase.js" path="C:\Users\HP WORLD\COSC4P02_Festify\Festify\firebase.js">
      <metrics statements="18" coveredstatements="18" conditionals="2" coveredconditionals="2" methods="6" coveredmethods="6"/>
      <line num="20" count="1" type="stmt"/>
      <line num="31" count="1" type="stmt"/>
      <line num="32" count="1" type="stmt"/>
      <line num="33" count="1" type="stmt"/>
      <line num="34" count="1" type="stmt"/>
      <line num="42" count="1" type="stmt"/>
      <line num="43" count="1" type="stmt"/>
      <line num="52" count="1" type="stmt"/>
      <line num="53" count="1" type="stmt"/>
      <line num="61" count="1" type="stmt"/>
      <line num="69" count="1" type="stmt"/>
      <line num="77" count="1" type="stmt"/>
      <line num="78" count="1" type="stmt"/>
      <line num="86" count="2" type="stmt"/>
      <line num="87" count="2" type="stmt"/>
      <line num="88" count="2" type="cond" truecount="2" falsecount="0"/>
      <line num="89" count="1" type="stmt"/>
      <line num="91" count="1" type="stmt"/>
    </file>
    <file name="script.js" path="C:\Users\HP WORLD\COSC4P02_Festify\Festify\script.js">
      <metrics statements="36" coveredstatements="28" conditionals="6" coveredconditionals="5" methods="13" coveredmethods="10"/>
      <line num="2" count="1" type="stmt"/>
      <line num="31" count="7" type="stmt"/>
      <line num="32" count="7" type="stmt"/>
      <line num="37" count="7" type="stmt"/>
      <line num="46" count="2" type="stmt"/>
      <line num="47" count="6" type="stmt"/>
      <line num="85" count="1" type="stmt"/>
      <line num="86" count="1" type="stmt"/>
      <line num="87" count="1" type="stmt"/>
      <line num="88" count="1" type="stmt"/>
      <line num="94" count="2" type="stmt"/>
      <line num="95" count="2" type="stmt"/>
      <line num="96" count="2" type="stmt"/>
      <line num="97" count="2" type="stmt"/>
      <line num="103" count="1" type="stmt"/>
      <line num="104" count="1" type="stmt"/>
      <line num="105" count="1" type="stmt"/>
      <line num="106" count="1" type="stmt"/>
      <line num="111" count="2" type="stmt"/>
      <line num="112" count="2" type="stmt"/>
      <line num="113" count="2" type="stmt"/>
      <line num="118" count="1" type="stmt"/>
      <line num="119" count="1" type="stmt"/>
      <line num="120" count="1" type="stmt"/>
      <line num="124" count="1" type="stmt"/>
      <line num="125" count="0" type="stmt"/>
      <line num="128" count="0" type="stmt"/>
      <line num="129" count="0" type="stmt"/>
      <line num="130" count="0" type="stmt"/>
      <line num="135" count="0" type="stmt"/>
      <line num="136" count="0" type="stmt"/>
      <line num="137" count="0" type="stmt"/>
      <line num="141" count="0" type="stmt"/>
      <line num="146" count="1" type="stmt"/>
      <line num="149" count="1" type="cond" truecount="3" falsecount="1"/>
      <line num="150" count="1" type="stmt"/>
    </file>
  </project>
</coverage>
