{"C:\\Users\\HP WORLD\\COSC4P02_Festify\\Festify\\app.js": {"path":"C:\\Users\\HP WORLD\\COSC4P02_Festify\\Festify\\app.js","statementMap":{"0":{"start":{"line":3,"column":4},"end":{"line":8,"column":71}},"1":{"start":{"line":4,"column":26},"end":{"line":4,"column":41}},"2":{"start":{"line":6,"column":12},"end":{"line":6,"column":64}},"3":{"start":{"line":8,"column":24},"end":{"line":8,"column":69}},"4":{"start":{"line":12,"column":0},"end":{"line":12,"column":58}},"5":{"start":{"line":15,"column":15},"end":{"line":90,"column":1}},"6":{"start":{"line":94,"column":4},"end":{"line":127,"column":6}},"7":{"start":{"line":132,"column":23},"end":{"line":132,"column":60}},"8":{"start":{"line":133,"column":4},"end":{"line":133,"column":80}},"9":{"start":{"line":133,"column":47},"end":{"line":133,"column":69}},"10":{"start":{"line":137,"column":0},"end":{"line":139,"column":3}},"11":{"start":{"line":138,"column":4},"end":{"line":138,"column":19}},"12":{"start":{"line":142,"column":0},"end":{"line":144,"column":1}},"13":{"start":{"line":143,"column":4},"end":{"line":143,"column":67}}},"fnMap":{"0":{"name":"loadFooter","decl":{"start":{"line":2,"column":9},"end":{"line":2,"column":19}},"loc":{"start":{"line":2,"column":22},"end":{"line":9,"column":1}},"line":2},"1":{"name":"(anonymous_1)","decl":{"start":{"line":4,"column":14},"end":{"line":4,"column":15}},"loc":{"start":{"line":4,"column":26},"end":{"line":4,"column":41}},"line":4},"2":{"name":"(anonymous_2)","decl":{"start":{"line":5,"column":14},"end":{"line":5,"column":15}},"loc":{"start":{"line":5,"column":22},"end":{"line":7,"column":9}},"line":5},"3":{"name":"(anonymous_3)","decl":{"start":{"line":8,"column":15},"end":{"line":8,"column":16}},"loc":{"start":{"line":8,"column":24},"end":{"line":8,"column":69}},"line":8},"4":{"name":"createEventCard","decl":{"start":{"line":93,"column":9},"end":{"line":93,"column":24}},"loc":{"start":{"line":93,"column":32},"end":{"line":128,"column":1}},"line":93},"5":{"name":"renderEvents","decl":{"start":{"line":131,"column":9},"end":{"line":131,"column":21}},"loc":{"start":{"line":131,"column":24},"end":{"line":134,"column":1}},"line":131},"6":{"name":"(anonymous_6)","decl":{"start":{"line":133,"column":38},"end":{"line":133,"column":39}},"loc":{"start":{"line":133,"column":47},"end":{"line":133,"column":69}},"line":133},"7":{"name":"(anonymous_7)","decl":{"start":{"line":137,"column":46},"end":{"line":137,"column":47}},"loc":{"start":{"line":137,"column":52},"end":{"line":139,"column":1}},"line":137}},"branchMap":{"0":{"loc":{"start":{"line":142,"column":0},"end":{"line":144,"column":1}},"type":"if","locations":[{"start":{"line":142,"column":0},"end":{"line":144,"column":1}},{"start":{},"end":{}}],"line":142},"1":{"loc":{"start":{"line":142,"column":4},"end":{"line":142,"column":51}},"type":"binary-expr","locations":[{"start":{"line":142,"column":4},"end":{"line":142,"column":33}},{"start":{"line":142,"column":37},"end":{"line":142,"column":51}}],"line":142}},"s":{"0":2,"1":1,"2":1,"3":1,"4":1,"5":1,"6":10,"7":1,"8":1,"9":9,"10":1,"11":0,"12":1,"13":1},"f":{"0":2,"1":1,"2":1,"3":1,"4":10,"5":1,"6":9,"7":0},"b":{"0":[1,0],"1":[1,1]},"_coverageSchema":"1a1c01bbd47fc00a2c39e90264f33305004495a9","hash":"8735b71b9d2f2ecc5ecedd3558d11460363eb41f"}
,"C:\\Users\\HP WORLD\\COSC4P02_Festify\\Festify\\firebase.js": {"path":"C:\\Users\\HP WORLD\\COSC4P02_Festify\\Festify\\firebase.js","statementMap":{"0":{"start":{"line":20,"column":23},"end":{"line":28,"column":1}},"1":{"start":{"line":31,"column":12},"end":{"line":31,"column":41}},"2":{"start":{"line":32,"column":18},"end":{"line":32,"column":35}},"3":{"start":{"line":33,"column":13},"end":{"line":33,"column":25}},"4":{"start":{"line":34,"column":11},"end":{"line":34,"column":28}},"5":{"start":{"line":42,"column":19},"end":{"line":42,"column":78}},"6":{"start":{"line":43,"column":2},"end":{"line":43,"column":18}},"7":{"start":{"line":52,"column":19},"end":{"line":52,"column":74}},"8":{"start":{"line":53,"column":2},"end":{"line":53,"column":18}},"9":{"start":{"line":61,"column":2},"end":{"line":61,"column":23}},"10":{"start":{"line":69,"column":2},"end":{"line":69,"column":44}},"11":{"start":{"line":77,"column":17},"end":{"line":77,"column":38}},"12":{"start":{"line":78,"column":2},"end":{"line":78,"column":53}},"13":{"start":{"line":86,"column":17},"end":{"line":86,"column":38}},"14":{"start":{"line":87,"column":19},"end":{"line":87,"column":39}},"15":{"start":{"line":88,"column":2},"end":{"line":92,"column":3}},"16":{"start":{"line":89,"column":4},"end":{"line":89,"column":27}},"17":{"start":{"line":91,"column":4},"end":{"line":91,"column":16}}},"fnMap":{"0":{"name":"signUpUser","decl":{"start":{"line":41,"column":22},"end":{"line":41,"column":32}},"loc":{"start":{"line":41,"column":50},"end":{"line":44,"column":1}},"line":41},"1":{"name":"signInUser","decl":{"start":{"line":51,"column":22},"end":{"line":51,"column":32}},"loc":{"start":{"line":51,"column":50},"end":{"line":54,"column":1}},"line":51},"2":{"name":"signOutUser","decl":{"start":{"line":60,"column":16},"end":{"line":60,"column":27}},"loc":{"start":{"line":60,"column":30},"end":{"line":62,"column":1}},"line":60},"3":{"name":"onUserStateChanged","decl":{"start":{"line":68,"column":16},"end":{"line":68,"column":34}},"loc":{"start":{"line":68,"column":45},"end":{"line":70,"column":1}},"line":68},"4":{"name":"saveUserProfile","decl":{"start":{"line":76,"column":22},"end":{"line":76,"column":37}},"loc":{"start":{"line":76,"column":56},"end":{"line":79,"column":1}},"line":76},"5":{"name":"getUserProfile","decl":{"start":{"line":85,"column":22},"end":{"line":85,"column":36}},"loc":{"start":{"line":85,"column":42},"end":{"line":93,"column":1}},"line":85}},"branchMap":{"0":{"loc":{"start":{"line":88,"column":2},"end":{"line":92,"column":3}},"type":"if","locations":[{"start":{"line":88,"column":2},"end":{"line":92,"column":3}},{"start":{"line":90,"column":9},"end":{"line":92,"column":3}}],"line":88}},"s":{"0":1,"1":1,"2":1,"3":1,"4":1,"5":1,"6":1,"7":1,"8":1,"9":1,"10":1,"11":1,"12":1,"13":2,"14":2,"15":2,"16":1,"17":1},"f":{"0":1,"1":1,"2":1,"3":1,"4":1,"5":2},"b":{"0":[1,1]},"_coverageSchema":"1a1c01bbd47fc00a2c39e90264f33305004495a9","hash":"571a5372c9915bb83d31988c36199af53cbd76b0"}
,"C:\\Users\\HP WORLD\\COSC4P02_Festify\\Festify\\script.js": {"path":"C:\\Users\\HP WORLD\\COSC4P02_Festify\\Festify\\script.js","statementMap":{"0":{"start":{"line":2,"column":15},"end":{"line":27,"column":1}},"1":{"start":{"line":31,"column":20},"end":{"line":31,"column":70}},"2":{"start":{"line":32,"column":4},"end":{"line":32,"column":69}},"3":{"start":{"line":37,"column":4},"end":{"line":41,"column":22}},"4":{"start":{"line":46,"column":23},"end":{"line":46,"column":60}},"5":{"start":{"line":47,"column":4},"end":{"line":80,"column":16}},"6":{"start":{"line":47,"column":56},"end":{"line":80,"column":5}},"7":{"start":{"line":85,"column":4},"end":{"line":85,"column":72}},"8":{"start":{"line":86,"column":4},"end":{"line":86,"column":73}},"9":{"start":{"line":87,"column":4},"end":{"line":87,"column":70}},"10":{"start":{"line":88,"column":4},"end":{"line":88,"column":69}},"11":{"start":{"line":94,"column":4},"end":{"line":94,"column":71}},"12":{"start":{"line":95,"column":4},"end":{"line":95,"column":73}},"13":{"start":{"line":96,"column":4},"end":{"line":96,"column":71}},"14":{"start":{"line":97,"column":4},"end":{"line":97,"column":70}},"15":{"start":{"line":103,"column":4},"end":{"line":103,"column":74}},"16":{"start":{"line":104,"column":4},"end":{"line":104,"column":70}},"17":{"start":{"line":105,"column":4},"end":{"line":105,"column":69}},"18":{"start":{"line":106,"column":4},"end":{"line":106,"column":71}},"19":{"start":{"line":111,"column":4},"end":{"line":111,"column":73}},"20":{"start":{"line":112,"column":4},"end":{"line":112,"column":71}},"21":{"start":{"line":113,"column":4},"end":{"line":113,"column":70}},"22":{"start":{"line":118,"column":4},"end":{"line":118,"column":20}},"23":{"start":{"line":119,"column":4},"end":{"line":119,"column":22}},"24":{"start":{"line":120,"column":4},"end":{"line":120,"column":19}},"25":{"start":{"line":124,"column":0},"end":{"line":142,"column":3}},"26":{"start":{"line":125,"column":4},"end":{"line":125,"column":19}},"27":{"start":{"line":128,"column":4},"end":{"line":131,"column":7}},"28":{"start":{"line":129,"column":8},"end":{"line":129,"column":26}},"29":{"start":{"line":130,"column":8},"end":{"line":130,"column":24}},"30":{"start":{"line":135,"column":4},"end":{"line":138,"column":7}},"31":{"start":{"line":136,"column":8},"end":{"line":136,"column":27}},"32":{"start":{"line":137,"column":8},"end":{"line":137,"column":25}},"33":{"start":{"line":141,"column":4},"end":{"line":141,"column":86}},"34":{"start":{"line":146,"column":4},"end":{"line":146,"column":49}},"35":{"start":{"line":149,"column":0},"end":{"line":162,"column":3}},"36":{"start":{"line":150,"column":4},"end":{"line":161,"column":6}}},"fnMap":{"0":{"name":"formatDate","decl":{"start":{"line":30,"column":9},"end":{"line":30,"column":19}},"loc":{"start":{"line":30,"column":32},"end":{"line":33,"column":1}},"line":30},"1":{"name":"formatCurrency","decl":{"start":{"line":36,"column":9},"end":{"line":36,"column":23}},"loc":{"start":{"line":36,"column":32},"end":{"line":42,"column":1}},"line":36},"2":{"name":"renderEvents","decl":{"start":{"line":45,"column":9},"end":{"line":45,"column":21}},"loc":{"start":{"line":45,"column":24},"end":{"line":81,"column":1}},"line":45},"3":{"name":"(anonymous_3)","decl":{"start":{"line":47,"column":38},"end":{"line":47,"column":39}},"loc":{"start":{"line":47,"column":56},"end":{"line":80,"column":5}},"line":47},"4":{"name":"showEventForm","decl":{"start":{"line":84,"column":9},"end":{"line":84,"column":22}},"loc":{"start":{"line":84,"column":25},"end":{"line":89,"column":1}},"line":84},"5":{"name":"hideEventForm","decl":{"start":{"line":93,"column":9},"end":{"line":93,"column":22}},"loc":{"start":{"line":93,"column":25},"end":{"line":98,"column":1}},"line":93},"6":{"name":"showProfileForm","decl":{"start":{"line":102,"column":9},"end":{"line":102,"column":24}},"loc":{"start":{"line":102,"column":27},"end":{"line":107,"column":1}},"line":102},"7":{"name":"hideProfileForm","decl":{"start":{"line":110,"column":9},"end":{"line":110,"column":24}},"loc":{"start":{"line":110,"column":27},"end":{"line":114,"column":1}},"line":110},"8":{"name":"resetDashboard","decl":{"start":{"line":117,"column":9},"end":{"line":117,"column":23}},"loc":{"start":{"line":117,"column":26},"end":{"line":121,"column":1}},"line":117},"9":{"name":"(anonymous_9)","decl":{"start":{"line":124,"column":46},"end":{"line":124,"column":47}},"loc":{"start":{"line":124,"column":52},"end":{"line":142,"column":1}},"line":124},"10":{"name":"(anonymous_10)","decl":{"start":{"line":128,"column":69},"end":{"line":128,"column":70}},"loc":{"start":{"line":128,"column":80},"end":{"line":131,"column":5}},"line":128},"11":{"name":"(anonymous_11)","decl":{"start":{"line":135,"column":62},"end":{"line":135,"column":63}},"loc":{"start":{"line":135,"column":74},"end":{"line":138,"column":5}},"line":135},"12":{"name":"triggerFileInput","decl":{"start":{"line":145,"column":9},"end":{"line":145,"column":25}},"loc":{"start":{"line":145,"column":28},"end":{"line":147,"column":1}},"line":145}},"branchMap":{"0":{"loc":{"start":{"line":58,"column":48},"end":{"line":58,"column":111}},"type":"cond-expr","locations":[{"start":{"line":58,"column":78},"end":{"line":58,"column":95}},{"start":{"line":58,"column":98},"end":{"line":58,"column":111}}],"line":58},"1":{"loc":{"start":{"line":149,"column":0},"end":{"line":162,"column":3}},"type":"if","locations":[{"start":{"line":149,"column":0},"end":{"line":162,"column":3}},{"start":{},"end":{}}],"line":149},"2":{"loc":{"start":{"line":149,"column":4},"end":{"line":149,"column":51}},"type":"binary-expr","locations":[{"start":{"line":149,"column":4},"end":{"line":149,"column":33}},{"start":{"line":149,"column":37},"end":{"line":149,"column":51}}],"line":149}},"s":{"0":1,"1":7,"2":7,"3":7,"4":2,"5":2,"6":6,"7":1,"8":1,"9":1,"10":1,"11":2,"12":2,"13":2,"14":2,"15":1,"16":1,"17":1,"18":1,"19":2,"20":2,"21":2,"22":1,"23":1,"24":1,"25":1,"26":0,"27":0,"28":0,"29":0,"30":0,"31":0,"32":0,"33":0,"34":1,"35":1,"36":1},"f":{"0":7,"1":7,"2":2,"3":6,"4":1,"5":2,"6":1,"7":2,"8":1,"9":0,"10":0,"11":0,"12":1},"b":{"0":[4,2],"1":[1,0],"2":[1,1]},"_coverageSchema":"1a1c01bbd47fc00a2c39e90264f33305004495a9","hash":"86a1f9f69bfcb5aef81c2496a013644423e2fbcc"}
}
