TN:
SF:Festify\app.js
FN:2,loadFooter
FN:4,(anonymous_1)
FN:5,(anonymous_2)
FN:8,(anonymous_3)
FN:93,createEventCard
FN:131,renderEvents
FN:133,(anonymous_6)
FN:137,(anonymous_7)
FNF:8
FNH:7
FNDA:2,loadFooter
FNDA:1,(anonymous_1)
FNDA:1,(anonymous_2)
FNDA:1,(anonymous_3)
FNDA:10,createEventCard
FNDA:1,renderEvents
FNDA:9,(anonymous_6)
FNDA:0,(anonymous_7)
DA:3,2
DA:4,1
DA:6,1
DA:8,1
DA:12,1
DA:15,1
DA:94,10
DA:132,1
DA:133,9
DA:137,1
DA:138,0
DA:142,1
DA:143,1
LF:13
LH:12
BRDA:142,0,0,1
BRDA:142,0,1,0
BRDA:142,1,0,1
BRDA:142,1,1,1
BRF:4
BRH:3
end_of_record
TN:
SF:Festify\firebase.js
FN:41,signUpUser
FN:51,signInUser
FN:60,signOutUser
FN:68,onUserStateChanged
FN:76,saveUserProfile
FN:85,getUserProfile
FNF:6
FNH:6
FNDA:1,signUpUser
FNDA:1,signInUser
FNDA:1,signOutUser
FNDA:1,onUserStateChanged
FNDA:1,saveUserProfile
FNDA:2,getUserProfile
DA:20,1
DA:31,1
DA:32,1
DA:33,1
DA:34,1
DA:42,1
DA:43,1
DA:52,1
DA:53,1
DA:61,1
DA:69,1
DA:77,1
DA:78,1
DA:86,2
DA:87,2
DA:88,2
DA:89,1
DA:91,1
LF:18
LH:18
BRDA:88,0,0,1
BRDA:88,0,1,1
BRF:2
BRH:2
end_of_record
TN:
SF:Festify\script.js
FN:30,formatDate
FN:36,formatCurrency
FN:45,renderEvents
FN:47,(anonymous_3)
FN:84,showEventForm
FN:93,hideEventForm
FN:102,showProfileForm
FN:110,hideProfileForm
FN:117,resetDashboard
FN:124,(anonymous_9)
FN:128,(anonymous_10)
FN:135,(anonymous_11)
FN:145,triggerFileInput
FNF:13
FNH:10
FNDA:7,formatDate
FNDA:7,formatCurrency
FNDA:2,renderEvents
FNDA:6,(anonymous_3)
FNDA:1,showEventForm
FNDA:2,hideEventForm
FNDA:1,showProfileForm
FNDA:2,hideProfileForm
FNDA:1,resetDashboard
FNDA:0,(anonymous_9)
FNDA:0,(anonymous_10)
FNDA:0,(anonymous_11)
FNDA:1,triggerFileInput
DA:2,1
DA:31,7
DA:32,7
DA:37,7
DA:46,2
DA:47,6
DA:85,1
DA:86,1
DA:87,1
DA:88,1
DA:94,2
DA:95,2
DA:96,2
DA:97,2
DA:103,1
DA:104,1
DA:105,1
DA:106,1
DA:111,2
DA:112,2
DA:113,2
DA:118,1
DA:119,1
DA:120,1
DA:124,1
DA:125,0
DA:128,0
DA:129,0
DA:130,0
DA:135,0
DA:136,0
DA:137,0
DA:141,0
DA:146,1
DA:149,1
DA:150,1
LF:36
LH:28
BRDA:58,0,0,4
BRDA:58,0,1,2
BRDA:149,1,0,1
BRDA:149,1,1,0
BRDA:149,2,0,1
BRDA:149,2,1,1
BRF:6
BRH:5
end_of_record
